<?xml version="1.0" encoding="UTF-8"?>
<!-- Generated by org.testng.reporters.JUnitXMLReporter -->
<testsuite hostname="Tapank.local" name="Default test" tests="3" failures="0" timestamp="29 Jul 2019 11:58:15 GMT" time="33.205" errors="0">
  <testcase name="crmImageTest" time="0.082" classname="com.crm.qa.tests.LoginTest"/>
  <testcase name="loginPageTitleTest" time="0.008" classname="com.crm.qa.tests.LoginTest"/>
  <testcase name="loginTest" time="6.952" classname="com.crm.qa.tests.LoginTest"/>
</testsuite> <!-- Default test -->
