<?xml version="1.0" encoding="UTF-8"?>
<testng-results skipped="0" failed="0" total="2" passed="2">
  <reporter-output>
  </reporter-output>
  <suite name="Default suite" duration-ms="31650" started-at="2019-07-30T09:09:37Z" finished-at="2019-07-30T09:10:09Z">
    <groups>
    </groups>
    <test name="Default test" duration-ms="31650" started-at="2019-07-30T09:09:37Z" finished-at="2019-07-30T09:10:09Z">
      <class name="com.crm.qa.tests.HomePageTest">
        <test-method status="PASS" signature="setUp()[pri:0, instance:com.crm.qa.tests.HomePageTest@39aeed2f]" name="setUp" is-config="true" duration-ms="14816" started-at="2019-07-30T14:39:37Z" finished-at="2019-07-30T14:39:52Z">
          <reporter-output>
          </reporter-output>
        </test-method> <!-- setUp -->
        <test-method status="PASS" signature="verifyHomePageTitleTest()[pri:0, instance:com.crm.qa.tests.HomePageTest@39aeed2f]" name="verifyHomePageTitleTest" duration-ms="14" started-at="2019-07-30T14:39:52Z" finished-at="2019-07-30T14:39:52Z">
          <reporter-output>
          </reporter-output>
        </test-method> <!-- verifyHomePageTitleTest -->
        <test-method status="PASS" signature="teadDown()[pri:0, instance:com.crm.qa.tests.HomePageTest@39aeed2f]" name="teadDown" is-config="true" duration-ms="95" started-at="2019-07-30T14:39:52Z" finished-at="2019-07-30T14:39:52Z">
          <reporter-output>
          </reporter-output>
        </test-method> <!-- teadDown -->
        <test-method status="PASS" signature="setUp()[pri:0, instance:com.crm.qa.tests.HomePageTest@39aeed2f]" name="setUp" is-config="true" duration-ms="16418" started-at="2019-07-30T14:39:52Z" finished-at="2019-07-30T14:40:09Z">
          <reporter-output>
          </reporter-output>
        </test-method> <!-- setUp -->
        <test-method status="PASS" signature="verifyUserNameTest()[pri:0, instance:com.crm.qa.tests.HomePageTest@39aeed2f]" name="verifyUserNameTest" duration-ms="89" started-at="2019-07-30T14:40:09Z" finished-at="2019-07-30T14:40:09Z">
          <reporter-output>
          </reporter-output>
        </test-method> <!-- verifyUserNameTest -->
        <test-method status="PASS" signature="teadDown()[pri:0, instance:com.crm.qa.tests.HomePageTest@39aeed2f]" name="teadDown" is-config="true" duration-ms="205" started-at="2019-07-30T14:40:09Z" finished-at="2019-07-30T14:40:09Z">
          <reporter-output>
          </reporter-output>
        </test-method> <!-- teadDown -->
      </class> <!-- com.crm.qa.tests.HomePageTest -->
    </test> <!-- Default test -->
  </suite> <!-- Default suite -->
</testng-results>
