<?xml version="1.0" encoding="UTF-8"?>
<testng-results skipped="0" failed="0" total="3" passed="3">
  <reporter-output>
  </reporter-output>
  <suite name="Default suite" duration-ms="33205" started-at="2019-07-29T11:57:42Z" finished-at="2019-07-29T11:58:15Z">
    <groups>
    </groups>
    <test name="Default test" duration-ms="33205" started-at="2019-07-29T11:57:42Z" finished-at="2019-07-29T11:58:15Z">
      <class name="com.crm.qa.tests.LoginTest">
        <test-method status="PASS" signature="setUp()[pri:0, instance:com.crm.qa.tests.LoginTest@39aeed2f]" name="setUp" is-config="true" duration-ms="7638" started-at="2019-07-29T17:27:42Z" finished-at="2019-07-29T17:27:50Z">
          <reporter-output>
          </reporter-output>
        </test-method> <!-- setUp -->
        <test-method status="PASS" signature="crmImageTest()[pri:0, instance:com.crm.qa.tests.LoginTest@39aeed2f]" name="crmImageTest" duration-ms="82" started-at="2019-07-29T17:27:50Z" finished-at="2019-07-29T17:27:50Z">
          <reporter-output>
          </reporter-output>
        </test-method> <!-- crmImageTest -->
        <test-method status="PASS" signature="tearDown()[pri:0, instance:com.crm.qa.tests.LoginTest@39aeed2f]" name="tearDown" is-config="true" duration-ms="92" started-at="2019-07-29T17:27:50Z" finished-at="2019-07-29T17:27:50Z">
          <reporter-output>
          </reporter-output>
        </test-method> <!-- tearDown -->
        <test-method status="PASS" signature="setUp()[pri:0, instance:com.crm.qa.tests.LoginTest@39aeed2f]" name="setUp" is-config="true" duration-ms="8872" started-at="2019-07-29T17:27:50Z" finished-at="2019-07-29T17:27:59Z">
          <reporter-output>
          </reporter-output>
        </test-method> <!-- setUp -->
        <test-method status="PASS" signature="loginPageTitleTest()[pri:0, instance:com.crm.qa.tests.LoginTest@39aeed2f]" name="loginPageTitleTest" duration-ms="8" started-at="2019-07-29T17:27:59Z" finished-at="2019-07-29T17:27:59Z">
          <reporter-output>
          </reporter-output>
        </test-method> <!-- loginPageTitleTest -->
        <test-method status="PASS" signature="tearDown()[pri:0, instance:com.crm.qa.tests.LoginTest@39aeed2f]" name="tearDown" is-config="true" duration-ms="136" started-at="2019-07-29T17:27:59Z" finished-at="2019-07-29T17:27:59Z">
          <reporter-output>
          </reporter-output>
        </test-method> <!-- tearDown -->
        <test-method status="PASS" signature="setUp()[pri:0, instance:com.crm.qa.tests.LoginTest@39aeed2f]" name="setUp" is-config="true" duration-ms="9266" started-at="2019-07-29T17:27:59Z" finished-at="2019-07-29T17:28:08Z">
          <reporter-output>
          </reporter-output>
        </test-method> <!-- setUp -->
        <test-method status="PASS" signature="loginTest()[pri:0, instance:com.crm.qa.tests.LoginTest@39aeed2f]" name="loginTest" duration-ms="6952" started-at="2019-07-29T17:28:08Z" finished-at="2019-07-29T17:28:15Z">
          <reporter-output>
          </reporter-output>
        </test-method> <!-- loginTest -->
        <test-method status="PASS" signature="tearDown()[pri:0, instance:com.crm.qa.tests.LoginTest@39aeed2f]" name="tearDown" is-config="true" duration-ms="142" started-at="2019-07-29T17:28:15Z" finished-at="2019-07-29T17:28:15Z">
          <reporter-output>
          </reporter-output>
        </test-method> <!-- tearDown -->
      </class> <!-- com.crm.qa.tests.LoginTest -->
    </test> <!-- Default test -->
  </suite> <!-- Default suite -->
</testng-results>
